<?xml version="1.0" encoding="UTF-8"?>
<testng-results skipped="0" failed="0" ignored="0" total="1" passed="1">
  <reporter-output>
  </reporter-output>
  <suite name="Default suite" duration-ms="17814" started-at="2018-11-16T07:19:00Z" finished-at="2018-11-16T07:19:18Z">
    <groups>
    </groups>
    <test name="Default test" duration-ms="17814" started-at="2018-11-16T07:19:00Z" finished-at="2018-11-16T07:19:18Z">
      <class name="SeleniumAdvance.demowebshop">
        <test-method status="PASS" signature="f()[pri:0, instance:SeleniumAdvance.demowebshop@1753acfe]" name="f" duration-ms="17778" started-at="2018-11-16T07:19:00Z" finished-at="2018-11-16T07:19:18Z">
          <reporter-output>
          </reporter-output>
        </test-method> <!-- f -->
      </class> <!-- SeleniumAdvance.demowebshop -->
    </test> <!-- Default test -->
  </suite> <!-- Default suite -->
</testng-results>
